::1 - - [29/Nov/2024:08:19:00 +0000] "GET /api/v1/categories HTTP/1.1" 400 75 "-" "PostmanRuntime/7.43.0"
::1 - - [29/Nov/2024:08:19:28 +0000] "GET /api/v1/categories/5 HTTP/1.1" 400 87 "-" "PostmanRuntime/7.43.0"
::1 - - [04/Dec/2024:06:05:37 +0000] "GET /api/v1/categories HTTP/1.1" 400 75 "-" "PostmanRuntime/7.43.0"
::1 - - [04/Dec/2024:06:05:49 +0000] "GET /api/v1/categories HTTP/1.1" 400 75 "-" "PostmanRuntime/7.43.0"
::1 - - [04/Dec/2024:06:05:56 +0000] "GET /api/v1/categories HTTP/1.1" 400 75 "-" "PostmanRuntime/7.43.0"
::1 - - [04/Dec/2024:06:06:10 +0000] "GET /api/v1/categories/1 HTTP/1.1" 400 87 "-" "PostmanRuntime/7.43.0"
::1 - - [04/Dec/2024:06:06:26 +0000] "GET /api/v1/categories/1 HTTP/1.1" 400 87 "-" "PostmanRuntime/7.43.0"
::1 - - [04/Dec/2024:06:06:29 +0000] "GET /api/v1/categories HTTP/1.1" 400 75 "-" "PostmanRuntime/7.43.0"
::1 - - [04/Dec/2024:06:11:11 +0000] "POST /api/v1/categories HTTP/1.1" 400 67 "-" "PostmanRuntime/7.43.0"
::1 - - [04/Dec/2024:06:14:20 +0000] "POST /api/v1/categories HTTP/1.1" 400 67 "-" "PostmanRuntime/7.43.0"
::1 - - [04/Dec/2024:06:14:45 +0000] "POST /api/v1/categories HTTP/1.1" 400 67 "-" "PostmanRuntime/7.43.0"
::1 - - [04/Dec/2024:06:14:50 +0000] "POST /api/v1/categories HTTP/1.1" 400 67 "-" "PostmanRuntime/7.43.0"
::1 - - [04/Dec/2024:06:15:15 +0000] "POST /api/v1/categories HTTP/1.1" 400 67 "-" "PostmanRuntime/7.43.0"
::1 - - [04/Dec/2024:06:20:25 +0000] "POST /api/v1/categories HTTP/1.1" 400 549 "-" "PostmanRuntime/7.43.0"
::1 - - [04/Dec/2024:06:20:49 +0000] "POST /api/v1/categories HTTP/1.1" 400 146 "-" "PostmanRuntime/7.43.0"
::1 - - [04/Dec/2024:06:21:37 +0000] "POST /api/v1/categories HTTP/1.1" 400 146 "-" "PostmanRuntime/7.43.0"
::1 - - [04/Dec/2024:06:23:43 +0000] "POST /api/v1/categories HTTP/1.1" 200 257 "-" "PostmanRuntime/7.43.0"
::1 - - [04/Dec/2024:06:25:04 +0000] "POST /api/v1/categories HTTP/1.1" 400 142 "-" "PostmanRuntime/7.43.0"
::1 - - [04/Dec/2024:06:26:06 +0000] "POST /api/v1/categories HTTP/1.1" 400 142 "-" "PostmanRuntime/7.43.0"
::1 - - [04/Dec/2024:06:26:32 +0000] "POST /api/v1/categories HTTP/1.1" 400 142 "-" "PostmanRuntime/7.43.0"
::1 - - [04/Dec/2024:06:27:10 +0000] "POST /api/v1/categories HTTP/1.1" 200 255 "-" "PostmanRuntime/7.43.0"
::1 - - [04/Dec/2024:06:28:23 +0000] "POST /api/v1/categories HTTP/1.1" 200 257 "-" "PostmanRuntime/7.43.0"
::1 - - [04/Dec/2024:06:29:31 +0000] "POST /api/v1/categories HTTP/1.1" 400 142 "-" "PostmanRuntime/7.43.0"
::1 - - [04/Dec/2024:06:29:38 +0000] "POST /api/v1/categories HTTP/1.1" 200 258 "-" "PostmanRuntime/7.43.0"
::1 - - [04/Dec/2024:06:30:23 +0000] "POST /api/v1/categories HTTP/1.1" 200 348 "-" "PostmanRuntime/7.43.0"
::1 - - [04/Dec/2024:06:32:00 +0000] "POST /api/v1/categories HTTP/1.1" 400 140 "-" "PostmanRuntime/7.43.0"
::1 - - [04/Dec/2024:06:32:04 +0000] "POST /api/v1/categories HTTP/1.1" 200 253 "-" "PostmanRuntime/7.43.0"
::1 - - [04/Dec/2024:06:32:43 +0000] "POST /api/v1/categories HTTP/1.1" 200 251 "-" "PostmanRuntime/7.43.0"
::1 - - [04/Dec/2024:06:33:01 +0000] "POST /api/v1/categories HTTP/1.1" 400 142 "-" "PostmanRuntime/7.43.0"
::1 - - [04/Dec/2024:06:33:06 +0000] "POST /api/v1/categories HTTP/1.1" 200 260 "-" "PostmanRuntime/7.43.0"
::1 - - [04/Dec/2024:06:35:50 +0000] "POST /api/v1/categories HTTP/1.1" 400 142 "-" "PostmanRuntime/7.43.0"
::1 - - [04/Dec/2024:06:35:58 +0000] "DELETE /api/v1/categories HTTP/1.1" 404 159 "-" "PostmanRuntime/7.43.0"
::1 - - [04/Dec/2024:06:36:06 +0000] "POST /api/v1/categories HTTP/1.1" 200 258 "-" "PostmanRuntime/7.43.0"
::1 - - [04/Dec/2024:06:37:13 +0000] "POST /api/v1/categories HTTP/1.1" 400 143 "-" "PostmanRuntime/7.43.0"
::1 - - [04/Dec/2024:06:37:21 +0000] "POST /api/v1/categories HTTP/1.1" 200 260 "-" "PostmanRuntime/7.43.0"
::1 - - [04/Dec/2024:06:37:35 +0000] "POST /api/v1/categories HTTP/1.1" 400 143 "-" "PostmanRuntime/7.43.0"
::1 - - [04/Dec/2024:06:37:39 +0000] "POST /api/v1/categories HTTP/1.1" 200 260 "-" "PostmanRuntime/7.43.0"
::1 - - [04/Dec/2024:06:41:07 +0000] "POST /api/v1/categories HTTP/1.1" 200 259 "-" "PostmanRuntime/7.43.0"
::1 - - [04/Dec/2024:06:46:53 +0000] "GET /api/v1/categories HTTP/1.1" 200 261 "-" "PostmanRuntime/7.43.0"
::1 - - [04/Dec/2024:06:48:10 +0000] "GET /api/v1/categories/3333 HTTP/1.1" 200 90 "-" "PostmanRuntime/7.43.0"
::1 - - [04/Dec/2024:06:52:13 +0000] "GET /api/v1/categories/3333 HTTP/1.1" 400 257 "-" "PostmanRuntime/7.43.0"
::1 - - [04/Dec/2024:06:52:33 +0000] "GET /api/v1/categories/674ff983c2448930921d1051 HTTP/1.1" 200 259 "-" "PostmanRuntime/7.43.0"
::1 - - [04/Dec/2024:06:52:58 +0000] "GET /api/v1/categories/674ff983c2448930921d105 HTTP/1.1" 400 314 "-" "PostmanRuntime/7.43.0"
::1 - - [04/Dec/2024:06:56:51 +0000] "GET /api/v1/categories/674ff983c2448930921d1051 HTTP/1.1" 200 259 "-" "PostmanRuntime/7.43.0"
::1 - - [04/Dec/2024:06:56:54 +0000] "GET /api/v1/categories/674ff983c2448930921d10511 HTTP/1.1" 400 320 "-" "PostmanRuntime/7.43.0"
::1 - - [04/Dec/2024:06:57:22 +0000] "GET /api/v1/categories/674ff983c2448930921d1051 HTTP/1.1" 200 259 "-" "PostmanRuntime/7.43.0"
::1 - - [04/Dec/2024:06:57:26 +0000] "GET /api/v1/categories/674ff983c2448930921d10512 HTTP/1.1" 400 320 "-" "PostmanRuntime/7.43.0"
::1 - - [04/Dec/2024:06:57:46 +0000] "GET /api/v1/categories/674ff983c2448930921d1051 HTTP/1.1" 200 259 "-" "PostmanRuntime/7.43.0"
::1 - - [04/Dec/2024:06:59:44 +0000] "GET /api/v1/categories/674ff983c2448930921d1051 HTTP/1.1" 400 92 "-" "PostmanRuntime/7.43.0"
::1 - - [04/Dec/2024:07:00:06 +0000] "GET /api/v1/categories/674ff983c2448930921d1051 HTTP/1.1" 200 259 "-" "PostmanRuntime/7.43.0"
::1 - - [04/Dec/2024:07:00:13 +0000] "GET /api/v1/categories/674ff983c2448930921d10511 HTTP/1.1" 400 320 "-" "PostmanRuntime/7.43.0"
::1 - - [04/Dec/2024:07:00:18 +0000] "GET /api/v1/categories/674ff983c2448930921d10511 HTTP/1.1" 400 320 "-" "PostmanRuntime/7.43.0"
::1 - - [04/Dec/2024:07:00:24 +0000] "GET /api/v1/categories/674ff983c2448930921d1051 HTTP/1.1" 400 92 "-" "PostmanRuntime/7.43.0"
::1 - - [04/Dec/2024:07:01:46 +0000] "GET /api/v1/categories/674ff983c2448930921d1051 HTTP/1.1" - - "-" "PostmanRuntime/7.43.0"
::1 - - [04/Dec/2024:07:01:48 +0000] "GET /api/v1/categories/674ff983c2448930921d1051 HTTP/1.1" - - "-" "PostmanRuntime/7.43.0"
::1 - - [04/Dec/2024:07:02:47 +0000] "GET /api/v1/categories/674ff983c2448930921d1051 HTTP/1.1" 200 260 "-" "PostmanRuntime/7.43.0"
::1 - - [04/Dec/2024:07:02:52 +0000] "GET /api/v1/categories/674ff983c2448930921d10511 HTTP/1.1" 400 320 "-" "PostmanRuntime/7.43.0"
::1 - - [04/Dec/2024:07:03:00 +0000] "GET /api/v1/categories/674ff983c2448930921d105111 HTTP/1.1" 400 323 "-" "PostmanRuntime/7.43.0"
::1 - - [04/Dec/2024:07:03:04 +0000] "GET /api/v1/categories/674ff983c2448930921d1051 HTTP/1.1" 200 260 "-" "PostmanRuntime/7.43.0"
::1 - - [04/Dec/2024:07:03:35 +0000] "GET /api/v1/categories/674ff983c2448930921d1051 HTTP/1.1" 200 260 "-" "PostmanRuntime/7.43.0"
::1 - - [04/Dec/2024:07:03:38 +0000] "GET /api/v1/categories/674ff983c2448930921d10511 HTTP/1.1" 400 320 "-" "PostmanRuntime/7.43.0"
::1 - - [04/Dec/2024:07:03:42 +0000] "GET /api/v1/categories/674ff983c2448930921d1051 HTTP/1.1" 200 260 "-" "PostmanRuntime/7.43.0"
::1 - - [04/Dec/2024:07:04:25 +0000] "GET /api/v1/categories/674ff983c2448930921d1051 HTTP/1.1" 200 260 "-" "PostmanRuntime/7.43.0"
::1 - - [04/Dec/2024:07:04:28 +0000] "GET /api/v1/categories/674ff983c2448930921d105 HTTP/1.1" 400 314 "-" "PostmanRuntime/7.43.0"
::1 - - [04/Dec/2024:07:04:34 +0000] "GET /api/v1/categories/674ff983c2448930921d1051 HTTP/1.1" 200 260 "-" "PostmanRuntime/7.43.0"
::1 - - [04/Dec/2024:07:04:59 +0000] "GET /api/v1/categories/674ff983c2448930921d1051 HTTP/1.1" 200 260 "-" "PostmanRuntime/7.43.0"
::1 - - [04/Dec/2024:07:05:02 +0000] "GET /api/v1/categories/674ff983c2448930921d10511 HTTP/1.1" 400 321 "-" "PostmanRuntime/7.43.0"
::1 - - [09/Dec/2024:05:52:50 +0000] "DELETE /api/v1/categories/23 HTTP/1.1" 200 73 "-" "PostmanRuntime/7.43.0"
::1 - - [09/Dec/2024:05:56:39 +0000] "GET /api/v1/categories HTTP/1.1" 200 261 "-" "PostmanRuntime/7.43.0"
::1 - - [09/Dec/2024:05:57:06 +0000] "POST /api/v1/categories HTTP/1.1" 200 263 "-" "PostmanRuntime/7.43.0"
::1 - - [09/Dec/2024:05:57:10 +0000] "GET /api/v1/categories HTTP/1.1" 200 502 "-" "PostmanRuntime/7.43.0"
::1 - - [09/Dec/2024:05:57:21 +0000] "GET /api/v1/categories HTTP/1.1" 200 502 "-" "PostmanRuntime/7.43.0"
::1 - - [09/Dec/2024:05:57:49 +0000] "DELETE /api/v1/categories/675686b10492879bd56f195a HTTP/1.1" 200 264 "-" "PostmanRuntime/7.43.0"
::1 - - [09/Dec/2024:05:57:59 +0000] "GET /api/v1/categories HTTP/1.1" 200 261 "-" "PostmanRuntime/7.43.0"
::1 - - [09/Dec/2024:05:58:32 +0000] "DELETE /api/v1/categories/3443 HTTP/1.1" 400 258 "-" "PostmanRuntime/7.43.0"
::1 - - [09/Dec/2024:05:58:38 +0000] "DELETE /api/v1/categories/ HTTP/1.1" 404 160 "-" "PostmanRuntime/7.43.0"
::1 - - [09/Dec/2024:05:58:48 +0000] "GET /api/v1/categories HTTP/1.1" 200 261 "-" "PostmanRuntime/7.43.0"
::1 - - [09/Dec/2024:05:58:56 +0000] "DELETE /api/v1/categories/674ff983c2448930921d10513 HTTP/1.1" 400 321 "-" "PostmanRuntime/7.43.0"
::1 - - [09/Dec/2024:05:59:11 +0000] "DELETE /api/v1/categories/674ff983c2448930921d105 HTTP/1.1" 400 315 "-" "PostmanRuntime/7.43.0"
::1 - - [09/Dec/2024:05:59:14 +0000] "DELETE /api/v1/categories/674ff983c2448930921d1051 HTTP/1.1" 200 260 "-" "PostmanRuntime/7.43.0"
::1 - - [09/Dec/2024:05:59:25 +0000] "GET /api/v1/categories HTTP/1.1" 200 25 "-" "PostmanRuntime/7.43.0"
::1 - - [09/Dec/2024:05:59:29 +0000] "POST /api/v1/categories HTTP/1.1" 200 263 "-" "PostmanRuntime/7.43.0"
::1 - - [09/Dec/2024:05:59:32 +0000] "GET /api/v1/categories HTTP/1.1" 200 265 "-" "PostmanRuntime/7.43.0"
::1 - - [09/Dec/2024:06:04:43 +0000] "PUT /api/v1/categories/1 HTTP/1.1" 400 249 "-" "PostmanRuntime/7.43.0"
::1 - - [09/Dec/2024:06:04:52 +0000] "GET /api/v1/categories HTTP/1.1" 200 265 "-" "PostmanRuntime/7.43.0"
::1 - - [09/Dec/2024:06:05:07 +0000] "PUT /api/v1/categories/675687410492879bd56f1963 HTTP/1.1" 200 249 "-" "PostmanRuntime/7.43.0"
::1 - - [09/Dec/2024:06:05:23 +0000] "GET /api/v1/categories HTTP/1.1" 200 250 "-" "PostmanRuntime/7.43.0"
::1 - - [09/Dec/2024:06:05:35 +0000] "GET /api/v1/categories HTTP/1.1" 200 250 "-" "PostmanRuntime/7.43.0"
::1 - - [09/Dec/2024:06:05:54 +0000] "PUT /api/v1/categories/675687410492879bd56f1963 HTTP/1.1" 200 260 "-" "PostmanRuntime/7.43.0"
::1 - - [09/Dec/2024:06:06:13 +0000] "PUT /api/v1/categories/675687410492879bd56f1963 HTTP/1.1" 200 256 "-" "PostmanRuntime/7.43.0"
::1 - - [09/Dec/2024:06:06:31 +0000] "PUT /api/v1/categories/675687410492879bd56f1963 HTTP/1.1" 200 450 "-" "PostmanRuntime/7.43.0"
::1 - - [09/Dec/2024:06:06:38 +0000] "PUT /api/v1/categories/675687410492879bd56f1963 HTTP/1.1" 200 256 "-" "PostmanRuntime/7.43.0"
::1 - - [09/Dec/2024:06:07:13 +0000] "PUT /api/v1/categories/675687410492879bd56f19635 HTTP/1.1" 400 321 "-" "PostmanRuntime/7.43.0"
::1 - - [09/Dec/2024:06:07:16 +0000] "PUT /api/v1/categories/675687410492879bd56f1963 HTTP/1.1" 200 256 "-" "PostmanRuntime/7.43.0"
::1 - - [09/Dec/2024:06:07:18 +0000] "PUT /api/v1/categories/675687410492879bd56f1963 HTTP/1.1" 200 257 "-" "PostmanRuntime/7.43.0"
::1 - - [09/Dec/2024:06:07:21 +0000] "PUT /api/v1/categories/675687410492879bd56f1963 HTTP/1.1" 200 257 "-" "PostmanRuntime/7.43.0"
::1 - - [09/Dec/2024:06:07:26 +0000] "PUT /api/v1/categories/675687410492879bd56f1963 HTTP/1.1" 200 257 "-" "PostmanRuntime/7.43.0"
::1 - - [09/Dec/2024:06:07:31 +0000] "PUT /api/v1/categories/675687410492879bd56f1963 HTTP/1.1" 200 256 "-" "PostmanRuntime/7.43.0"
::1 - - [09/Dec/2024:06:08:30 +0000] "PUT /api/v1/categories/675687410492879bd56f1963 HTTP/1.1" 200 251 "-" "PostmanRuntime/7.43.0"
::1 - - [09/Dec/2024:06:08:55 +0000] "PUT /api/v1/categories/675687410492879bd56f1963 HTTP/1.1" 200 251 "-" "PostmanRuntime/7.43.0"
::1 - - [09/Dec/2024:06:12:15 +0000] "GET /api/v1/categories/674ff983c2448930921d10511 HTTP/1.1" 500 1439 "-" "PostmanRuntime/7.43.0"
::1 - - [09/Dec/2024:06:12:40 +0000] "GET /api/v1/categories/ HTTP/1.1" 200 252 "-" "PostmanRuntime/7.43.0"
::1 - - [09/Dec/2024:06:12:53 +0000] "GET /api/v1/categories/675687410492879bd56f1963 HTTP/1.1" 200 251 "-" "PostmanRuntime/7.43.0"
::1 - - [09/Dec/2024:06:18:55 +0000] "GET /api/v1/categories/675687410492879bd56f1963a HTTP/1.1" 500 144 "-" "PostmanRuntime/7.43.0"
::1 - - [09/Dec/2024:06:19:33 +0000] "GET /api/v1/categories/675687410492879bd56f1963a HTTP/1.1" 500 144 "-" "PostmanRuntime/7.43.0"
::1 - - [09/Dec/2024:06:20:38 +0000] "DELETE /api/v1/categories/674ff983c2448930921d1051a HTTP/1.1" 500 144 "-" "PostmanRuntime/7.43.0"
::1 - - [09/Dec/2024:06:40:03 +0000] "DELETE /api/v1/categories/674ff983c2448930921d1051a HTTP/1.1" 500 144 "-" "PostmanRuntime/7.43.0"
::1 - - [09/Dec/2024:06:40:15 +0000] "GET /api/v1/categories HTTP/1.1" 200 252 "-" "PostmanRuntime/7.43.0"
::1 - - [09/Dec/2024:06:40:26 +0000] "GET /api/v1/categories/675687410492879bd56f1963 HTTP/1.1" 200 251 "-" "PostmanRuntime/7.43.0"
::1 - - [09/Dec/2024:06:40:31 +0000] "GET /api/v1/categories/675687410492879bd56f1963a HTTP/1.1" 500 144 "-" "PostmanRuntime/7.43.0"
::1 - - [09/Dec/2024:06:40:54 +0000] "GET /api/v1/categories/675687410492879bd56f196a HTTP/1.1" 400 95 "-" "PostmanRuntime/7.43.0"
::1 - - [09/Dec/2024:06:41:42 +0000] "GET /api/v1/categories/675687410492879bd56f196a HTTP/1.1" 401 95 "-" "PostmanRuntime/7.43.0"
::1 - - [09/Dec/2024:06:41:51 +0000] "GET /api/v1/categories/675687410492879bd56f196a HTTP/1.1" 400 95 "-" "PostmanRuntime/7.43.0"
::1 - - [09/Dec/2024:06:41:59 +0000] "GET /api/v1/categories/675687410492879bd56f1963 HTTP/1.1" 200 251 "-" "PostmanRuntime/7.43.0"
::1 - - [10/Dec/2024:05:35:45 +0000] "GET /api/v1/categories HTTP/1.1" 200 252 "-" "PostmanRuntime/7.43.0"
::1 - - [10/Dec/2024:05:36:05 +0000] "GET /api/v1/categories HTTP/1.1" 200 252 "-" "PostmanRuntime/7.43.0"
::1 - - [10/Dec/2024:05:36:18 +0000] "GET /api/v1/categories/675687410492879bd56f1963 HTTP/1.1" 200 251 "-" "PostmanRuntime/7.43.0"
::1 - - [10/Dec/2024:05:36:27 +0000] "GET /api/v1/categories/675687410492879bd56f196b HTTP/1.1" 403 95 "-" "PostmanRuntime/7.43.0"
::1 - - [10/Dec/2024:05:36:38 +0000] "GET /api/v1/categories/675687410492879bd56f1963 HTTP/1.1" 200 251 "-" "PostmanRuntime/7.43.0"
::1 - - [10/Dec/2024:05:41:24 +0000] "GET /api/v1/categories/675687410492879bd56f1963 HTTP/1.1" 200 251 "-" "PostmanRuntime/7.43.0"
::1 - - [10/Dec/2024:05:41:29 +0000] "GET /api/v1/categories/675687410492879bd56f196a HTTP/1.1" 403 95 "-" "PostmanRuntime/7.43.0"
::1 - - [10/Dec/2024:05:41:32 +0000] "GET /api/v1/categories/675687410492879bd56f1963 HTTP/1.1" 200 251 "-" "PostmanRuntime/7.43.0"
::1 - - [10/Dec/2024:05:44:11 +0000] "GET /api/v1/categories/675687410492879bd56f1963 HTTP/1.1" 200 251 "-" "PostmanRuntime/7.43.0"
::1 - - [10/Dec/2024:05:44:18 +0000] "GET /api/v1/categories/675687410492879bd56f1963 HTTP/1.1" 200 251 "-" "PostmanRuntime/7.43.0"
::1 - - [11/Dec/2024:06:30:50 +0000] "GET /api/v1/categories HTTP/1.1" 200 252 "-" "PostmanRuntime/7.43.0"
::1 - - [11/Dec/2024:06:30:59 +0000] "GET /api/v1/categories/675687410492879bd56f1962 HTTP/1.1" 500 1049 "-" "PostmanRuntime/7.43.0"
::1 - - [11/Dec/2024:06:31:03 +0000] "GET /api/v1/categories/675687410492879bd56f1961 HTTP/1.1" 500 1049 "-" "PostmanRuntime/7.43.0"
::1 - - [11/Dec/2024:06:31:05 +0000] "GET /api/v1/categories/675687410492879bd56f1963 HTTP/1.1" 200 251 "-" "PostmanRuntime/7.43.0"
::1 - - [11/Dec/2024:06:31:16 +0000] "GET /api/v1/categories/675687410492879bd56f19631 HTTP/1.1" 500 1049 "-" "PostmanRuntime/7.43.0"
::1 - - [11/Dec/2024:06:31:45 +0000] "GET /api/v1/categories/675687410492879bd56f1963 HTTP/1.1" 200 251 "-" "PostmanRuntime/7.43.0"
::1 - - [11/Dec/2024:06:33:27 +0000] "GET /api/v1/categories/675687410492879bd56f1963 HTTP/1.1" 200 251 "-" "PostmanRuntime/7.43.0"
::1 - - [11/Dec/2024:06:33:31 +0000] "GET /api/v1/categories/675687410492879bd56f19631 HTTP/1.1" 500 1049 "-" "PostmanRuntime/7.43.0"
::1 - - [11/Dec/2024:06:33:36 +0000] "GET /api/v1/categories/675687410492879bd56f196 HTTP/1.1" 500 1049 "-" "PostmanRuntime/7.43.0"
::1 - - [11/Dec/2024:06:33:38 +0000] "GET /api/v1/categories/675687410492879bd56f1962 HTTP/1.1" 500 1049 "-" "PostmanRuntime/7.43.0"
::1 - - [11/Dec/2024:06:33:58 +0000] "GET /api/v1/categories/675687410492879bd56f1962 HTTP/1.1" 403 95 "-" "PostmanRuntime/7.43.0"
::1 - - [11/Dec/2024:06:34:08 +0000] "GET /api/v1/categories/675687410492879bd56f1963 HTTP/1.1" 200 251 "-" "PostmanRuntime/7.43.0"
::1 - - [11/Dec/2024:06:34:10 +0000] "GET /api/v1/categories/675687410492879bd56f19631 HTTP/1.1" 400 79 "-" "PostmanRuntime/7.43.0"
::1 - - [11/Dec/2024:06:34:46 +0000] "POST /api/v1/categories HTTP/1.1" 500 209 "-" "PostmanRuntime/7.43.0"
::1 - - [11/Dec/2024:06:35:23 +0000] "POST /api/v1/categories HTTP/1.1" 500 858 "-" "PostmanRuntime/7.43.0"
::1 - - [11/Dec/2024:06:39:25 +0000] "POST /api/v1/categories HTTP/1.1" 500 550 "-" "PostmanRuntime/7.43.0"
::1 - - [11/Dec/2024:06:39:47 +0000] "GET /api/v1/categories HTTP/1.1" 200 252 "-" "PostmanRuntime/7.43.0"
::1 - - [11/Dec/2024:06:39:58 +0000] "POST /api/v1/categories HTTP/1.1" 200 261 "-" "PostmanRuntime/7.43.0"
::1 - - [11/Dec/2024:06:40:07 +0000] "POST /api/v1/categories HTTP/1.1" 500 366 "-" "PostmanRuntime/7.43.0"
::1 - - [11/Dec/2024:06:41:59 +0000] "POST /api/v1/categories HTTP/1.1" 400 383 "-" "PostmanRuntime/7.43.0"
::1 - - [11/Dec/2024:06:43:43 +0000] "POST /api/v1/categories HTTP/1.1" 500 477 "-" "PostmanRuntime/7.43.0"
::1 - - [11/Dec/2024:06:47:13 +0000] "GET /api/v1/categories HTTP/1.1" 200 491 "-" "PostmanRuntime/7.43.0"
::1 - - [11/Dec/2024:07:30:11 +0000] "POST /api/v1/categories HTTP/1.1" 200 264 "-" "PostmanRuntime/7.43.0"
::1 - - [11/Dec/2024:07:39:27 +0000] "POST /api/v1/categories HTTP/1.1" 200 258 "-" "PostmanRuntime/7.43.0"
::1 - - [11/Dec/2024:07:41:13 +0000] "POST /api/v1/categories HTTP/1.1" 200 286 "-" "PostmanRuntime/7.43.0"
::1 - - [02/Jan/2025:06:30:26 +0000] "GET /api/v1/categories HTTP/1.1" 200 616 "-" "PostmanRuntime/7.43.0"
::1 - - [02/Jan/2025:06:30:51 +0000] "POST /api/v1/categories HTTP/1.1" 500 477 "-" "PostmanRuntime/7.43.0"
::1 - - [02/Jan/2025:06:31:09 +0000] "POST /api/v1/categories HTTP/1.1" 200 323 "-" "PostmanRuntime/7.43.0"
::1 - - [02/Jan/2025:06:31:27 +0000] "POST /api/v1/categories HTTP/1.1" 200 312 "-" "PostmanRuntime/7.43.0"
::1 - - [02/Jan/2025:06:31:41 +0000] "POST /api/v1/categories HTTP/1.1" 200 326 "-" "PostmanRuntime/7.43.0"
::1 - - [02/Jan/2025:06:31:45 +0000] "GET /api/v1/categories HTTP/1.1" 200 1511 "-" "PostmanRuntime/7.43.0"
::1 - - [02/Jan/2025:06:36:26 +0000] "GET /api/v1/categories?name=%D0%91%D0%B8%D0%B7%D0%BD%D0%B5%D1%81 HTTP/1.1" 200 25 "-" "PostmanRuntime/7.43.0"
::1 - - [02/Jan/2025:06:36:48 +0000] "GET /api/v1/categories?name=%D0%A3%D1%80%D0%B0%D0%BD%20%D0%B7%D0%BE%D1%85%D0%B8%D0%BE%D0%BB HTTP/1.1" 200 25 "-" "PostmanRuntime/7.43.0"
::1 - - [02/Jan/2025:06:36:59 +0000] "GET /api/v1/categories?name=%D0%A8%D0%B8%D0%BD%D0%B6%D0%BB%D1%8D%D1%85%20%D1%83%D1%85%D0%B0%D0%B0%D0%BD HTTP/1.1" 200 328 "-" "PostmanRuntime/7.43.0"
::1 - - [02/Jan/2025:06:38:01 +0000] "GET /api/v1/categories?averagePrice[$gte]=40000 HTTP/1.1" 200 922 "-" "PostmanRuntime/7.43.0"
::1 - - [02/Jan/2025:06:38:53 +0000] "GET /api/v1/categories?averagePrice[$lt]=40000 HTTP/1.1" 200 613 "-" "PostmanRuntime/7.43.0"
::1 - - [02/Jan/2025:06:39:35 +0000] "GET /api/v1/categories?averagePrice[$lt]=40000&averageRating[$gte]=7 HTTP/1.1" 200 325 "-" "PostmanRuntime/7.43.0"
::1 - - [02/Jan/2025:06:40:43 +0000] "POST /api/v1/categories HTTP/1.1" 200 312 "-" "PostmanRuntime/7.43.0"
::1 - - [03/Jan/2025:07:22:21 +0000] "GET /api/v1/categories?select=name%20slug HTTP/1.1" 200 25 "-" "PostmanRuntime/7.43.0"
::1 - - [03/Jan/2025:07:43:37 +0000] "GET /api/v1/categories?select=name%20slug HTTP/1.1" 200 479 "-" "PostmanRuntime/7.43.0"
::1 - - [03/Jan/2025:07:44:06 +0000] "GET /api/v1/categories?select=name%20slug%20averageRating[$gt]=4 HTTP/1.1" 200 25 "-" "PostmanRuntime/7.43.0"
::1 - - [03/Jan/2025:07:44:16 +0000] "GET /api/v1/categories?select=name%20slug%20$averageRating[$gt]=4 HTTP/1.1" 200 25 "-" "PostmanRuntime/7.43.0"
::1 - - [03/Jan/2025:07:44:35 +0000] "GET /api/v1/categories?select=name%20slug%20averageRating$averageRating[$gt]=4 HTTP/1.1" 200 25 "-" "PostmanRuntime/7.43.0"
::1 - - [03/Jan/2025:07:44:56 +0000] "GET /api/v1/categories?select=name%20slug%20averageRating$averageRating[$gt]=4 HTTP/1.1" 200 25 "-" "PostmanRuntime/7.43.0"
::1 - - [03/Jan/2025:07:44:56 +0000] "GET /api/v1/categories?select=name%20slug%20averageRating$averageRating[$gt]=4 HTTP/1.1" - - "-" "PostmanRuntime/7.43.0"
::1 - - [03/Jan/2025:07:44:57 +0000] "GET /api/v1/categories?select=name%20slug%20averageRating$averageRating[$gt]=4 HTTP/1.1" 200 25 "-" "PostmanRuntime/7.43.0"
::1 - - [03/Jan/2025:07:45:00 +0000] "GET /api/v1/categories?select=name%20slug%20averageRating HTTP/1.1" 200 570 "-" "PostmanRuntime/7.43.0"
::1 - - [03/Jan/2025:07:45:41 +0000] "GET /api/v1/categories?select=name%20slug%20averageRating&averageRating[$gt]=4 HTTP/1.1" 200 356 "-" "PostmanRuntime/7.43.0"
::1 - - [03/Jan/2025:07:47:02 +0000] "GET /api/v1/categories?select=name%20slug%20averageRating&averageRating[$gt]=4&sort=name%20 HTTP/1.1" 200 25 "-" "PostmanRuntime/7.43.0"
::1 - - [03/Jan/2025:07:50:32 +0000] "GET /api/v1/categories?select=name%20slug%20averageRating&averageRating[$gt]=4&sort=name%20 HTTP/1.1" 500 28 "-" "PostmanRuntime/7.43.0"
::1 - - [03/Jan/2025:07:50:47 +0000] "GET /api/v1/categories?select=name%20slug%20averageRating&averageRating[$gt]=4&sort=averageRating HTTP/1.1" 200 356 "-" "PostmanRuntime/7.43.0"
::1 - - [03/Jan/2025:07:51:40 +0000] "PUT /api/v1/categories/677632ad146f5448bde68544 HTTP/1.1" 200 324 "-" "PostmanRuntime/7.43.0"
::1 - - [03/Jan/2025:07:51:45 +0000] "GET /api/v1/categories?select=name%20slug%20averageRating&averageRating[$gt]=4&sort=averageRating HTTP/1.1" 200 356 "-" "PostmanRuntime/7.43.0"
::1 - - [03/Jan/2025:07:52:13 +0000] "GET /api/v1/categories?select=name%20slug%20averagePrice%20averageRating&averageRating[$gt]=4&sort=averageRating HTTP/1.1" 200 419 "-" "PostmanRuntime/7.43.0"
::1 - - [03/Jan/2025:07:52:24 +0000] "GET /api/v1/categories?select=name%20slug%20averagePrice%20averageRating&averageRating[$gt]=4&sort=-averageRating HTTP/1.1" 200 419 "-" "PostmanRuntime/7.43.0"
::1 - - [03/Jan/2025:07:52:47 +0000] "GET /api/v1/categories?select=name%20slug%20averagePrice%20averageRating&averageRating[$gt]=4&sort=-averageRating%20averagePrice HTTP/1.1" 200 419 "-" "PostmanRuntime/7.43.0"
::1 - - [03/Jan/2025:07:52:58 +0000] "GET /api/v1/categories?select=name%20slug%20averagePrice%20averageRating&averageRating[$gt]=4&sort=-averageRating%20-averagePrice HTTP/1.1" 200 419 "-" "PostmanRuntime/7.43.0"
::1 - - [03/Jan/2025:08:13:57 +0000] "GET /api/v1/categories?select=name&page=2&limit=1 HTTP/1.1" 200 91 "-" "PostmanRuntime/7.43.0"
::1 - - [03/Jan/2025:08:14:13 +0000] "GET /api/v1/categories?select=name&page=2 HTTP/1.1" 200 365 "-" "PostmanRuntime/7.43.0"
::1 - - [03/Jan/2025:08:14:20 +0000] "GET /api/v1/categories?select=name&page=1 HTTP/1.1" 200 365 "-" "PostmanRuntime/7.43.0"
::1 - - [03/Jan/2025:08:14:22 +0000] "GET /api/v1/categories?select=name&page=3 HTTP/1.1" 200 365 "-" "PostmanRuntime/7.43.0"
::1 - - [03/Jan/2025:08:14:24 +0000] "GET /api/v1/categories?select=name&page=1 HTTP/1.1" 200 365 "-" "PostmanRuntime/7.43.0"
::1 - - [03/Jan/2025:08:14:50 +0000] "GET /api/v1/categories?select=name HTTP/1.1" 200 365 "-" "PostmanRuntime/7.43.0"
::1 - - [03/Jan/2025:08:24:54 +0000] "GET /api/v1/categories?select=name&page=2&limit=1 HTTP/1.1" 500 28 "-" "PostmanRuntime/7.43.0"
::1 - - [03/Jan/2025:08:27:28 +0000] "GET /api/v1/categories?select=name&page=2&limit=1 HTTP/1.1" 200 170 "-" "PostmanRuntime/7.43.0"
::1 - - [03/Jan/2025:08:28:25 +0000] "GET /api/v1/categories?select=name&page=2&limit=3 HTTP/1.1" 200 235 "-" "PostmanRuntime/7.43.0"
::1 - - [03/Jan/2025:08:28:29 +0000] "GET /api/v1/categories?select=name&page=2&limit=4 HTTP/1.1" 200 165 "-" "PostmanRuntime/7.43.0"
::1 - - [03/Jan/2025:08:28:33 +0000] "GET /api/v1/categories?select=name&page=2&limit=5 HTTP/1.1" 200 96 "-" "PostmanRuntime/7.43.0"
::1 - - [03/Jan/2025:08:29:02 +0000] "GET /api/v1/categories?select=name&page=2&limit=2 HTTP/1.1" 200 250 "-" "PostmanRuntime/7.43.0"
::1 - - [03/Jan/2025:08:29:37 +0000] "GET /api/v1/categories?select=name&page=3&limit=2 HTTP/1.1" 200 165 "-" "PostmanRuntime/7.43.0"
::1 - - [03/Jan/2025:08:29:41 +0000] "GET /api/v1/categories?select=name&page=3&limit=3 HTTP/1.1" 200 96 "-" "PostmanRuntime/7.43.0"
::1 - - [03/Jan/2025:08:29:43 +0000] "GET /api/v1/categories?select=name&page=3&limit=2 HTTP/1.1" 200 165 "-" "PostmanRuntime/7.43.0"
::1 - - [03/Jan/2025:08:29:44 +0000] "GET /api/v1/categories?select=name&page=3&limit=1 HTTP/1.1" 200 180 "-" "PostmanRuntime/7.43.0"
::1 - - [03/Jan/2025:08:31:55 +0000] "GET /api/v1/categories?select=name&page=3&limit=1 HTTP/1.1" 200 180 "-" "PostmanRuntime/7.43.0"
::1 - - [03/Jan/2025:08:32:01 +0000] "GET /api/v1/categories?select=name&page=1&limit=2 HTTP/1.1" 200 224 "-" "PostmanRuntime/7.43.0"
::1 - - [03/Jan/2025:08:32:04 +0000] "GET /api/v1/categories?select=name&page=2&limit=2 HTTP/1.1" 200 250 "-" "PostmanRuntime/7.43.0"
::1 - - [03/Jan/2025:08:32:06 +0000] "GET /api/v1/categories?select=name&page=23&limit=2 HTTP/1.1" 200 98 "-" "PostmanRuntime/7.43.0"
::1 - - [03/Jan/2025:08:32:11 +0000] "GET /api/v1/categories?select=name&page=3&limit=2 HTTP/1.1" 200 165 "-" "PostmanRuntime/7.43.0"
::1 - - [03/Jan/2025:08:32:17 +0000] "GET /api/v1/categories?select=name&page=1&limit=3 HTTP/1.1" 200 296 "-" "PostmanRuntime/7.43.0"
::1 - - [03/Jan/2025:08:32:19 +0000] "GET /api/v1/categories?select=name&page=1&limit=5 HTTP/1.1" 200 423 "-" "PostmanRuntime/7.43.0"
::1 - - [03/Jan/2025:08:32:24 +0000] "GET /api/v1/categories?select=name&page=1&limit=2 HTTP/1.1" 200 224 "-" "PostmanRuntime/7.43.0"
::1 - - [03/Jan/2025:08:32:34 +0000] "GET /api/v1/categories?select=name HTTP/1.1" 200 423 "-" "PostmanRuntime/7.43.0"
::1 - - [03/Jan/2025:08:33:36 +0000] "GET /api/v1/categories?select=name HTTP/1.1" 200 435 "-" "PostmanRuntime/7.43.0"
::1 - - [03/Jan/2025:08:43:08 +0000] "GET /api/v1/categories HTTP/1.1" 200 1580 "-" "PostmanRuntime/7.43.0"
::1 - - [03/Jan/2025:08:43:16 +0000] "GET /api/v1/categories/675687410492879bd56f19631 HTTP/1.1" 500 173 "-" "PostmanRuntime/7.43.0"
::1 - - [03/Jan/2025:08:43:37 +0000] "GET /api/v1/categories/675687410492879bd56f1963 HTTP/1.1" 200 312 "-" "PostmanRuntime/7.43.0"
::1 - - [03/Jan/2025:08:43:43 +0000] "GET /api/v1/categories/675687410492879bd56f1963 HTTP/1.1" 200 312 "-" "PostmanRuntime/7.43.0"
::1 - - [03/Jan/2025:08:43:49 +0000] "GET /api/v1/categories HTTP/1.1" 200 1580 "-" "PostmanRuntime/7.43.0"
::1 - - [03/Jan/2025:08:58:40 +0000] "GET /api/v1/books HTTP/1.1" 200 28905 "-" "PostmanRuntime/7.43.0"
::1 - - [03/Jan/2025:08:59:15 +0000] "GET /api/v1/books HTTP/1.1" 200 28916 "-" "PostmanRuntime/7.43.0"
::1 - - [03/Jan/2025:09:01:30 +0000] "GET /api/v1/books HTTP/1.1" 200 28916 "-" "PostmanRuntime/7.43.0"
::1 - - [03/Jan/2025:09:01:46 +0000] "GET /api/v1/categories HTTP/1.1" 200 1580 "-" "PostmanRuntime/7.43.0"
::1 - - [03/Jan/2025:09:01:56 +0000] "GET /api/v1/books HTTP/1.1" 200 28916 "-" "PostmanRuntime/7.43.0"
::1 - - [03/Jan/2025:09:03:42 +0000] "GET /api/v1/categories HTTP/1.1" 200 1580 "-" "PostmanRuntime/7.43.0"
::1 - - [03/Jan/2025:09:04:36 +0000] "GET /api/v1/categories/675687410492879bd56f1963/books HTTP/1.1" 404 187 "-" "PostmanRuntime/7.43.0"
::1 - - [03/Jan/2025:09:07:22 +0000] "GET /api/v1/categories/675687410492879bd56f1963/books HTTP/1.1" 200 28916 "-" "PostmanRuntime/7.43.0"
::1 - - [03/Jan/2025:09:09:25 +0000] "GET /api/v1/categories/675687410492879bd56f1963/books HTTP/1.1" 200 36 "-" "PostmanRuntime/7.43.0"
::1 - - [03/Jan/2025:09:09:46 +0000] "GET /api/v1/categories/677632bf146f5448bde68546/books HTTP/1.1" 200 36 "-" "PostmanRuntime/7.43.0"
::1 - - [03/Jan/2025:09:09:55 +0000] "GET /api/v1/categories/677632cd146f5448bde68548/books HTTP/1.1" 200 36 "-" "PostmanRuntime/7.43.0"
::1 - - [03/Jan/2025:09:10:02 +0000] "GET /api/v1/categories/677632ad146f5448bde68544/books HTTP/1.1" 200 36 "-" "PostmanRuntime/7.43.0"
::1 - - [03/Jan/2025:09:10:11 +0000] "GET /api/v1/categories/675933beaee42d3fb8d9c51c/books HTTP/1.1" 200 7165 "-" "PostmanRuntime/7.43.0"
::1 - - [03/Jan/2025:09:14:15 +0000] "GET /api/v1/categories/675933beaee42d3fb8d9c51c/books HTTP/1.1" 200 28916 "-" "PostmanRuntime/7.43.0"
::1 - - [03/Jan/2025:09:15:08 +0000] "GET /api/v1/categories/675933beaee42d3fb8d9c51c/books HTTP/1.1" 200 7165 "-" "PostmanRuntime/7.43.0"
::1 - - [03/Jan/2025:09:18:40 +0000] "GET /api/v1/books HTTP/1.1" 200 28916 "-" "PostmanRuntime/7.43.0"
::1 - - [03/Jan/2025:09:18:42 +0000] "GET /api/v1/categories/675933beaee42d3fb8d9c51c/books HTTP/1.1" 200 7165 "-" "PostmanRuntime/7.43.0"
::1 - - [03/Jan/2025:09:24:25 +0000] "GET /api/v1/categories/675933beaee42d3fb8d9c51c/books HTTP/1.1" 200 7165 "-" "PostmanRuntime/7.43.0"
::1 - - [03/Jan/2025:09:24:33 +0000] "GET /api/v1/books HTTP/1.1" 200 29712 "-" "PostmanRuntime/7.43.0"
::1 - - [03/Jan/2025:09:25:54 +0000] "GET /api/v1/books HTTP/1.1" 200 28864 "-" "PostmanRuntime/7.43.0"
::1 - - [03/Jan/2025:09:30:27 +0000] "GET /api/v1/books HTTP/1.1" 200 29908 "-" "PostmanRuntime/7.43.0"
::1 - - [03/Jan/2025:09:35:20 +0000] "GET /api/v1/books HTTP/1.1" 200 29728 "-" "PostmanRuntime/7.43.0"
::1 - - [03/Jan/2025:09:35:38 +0000] "GET /api/v1/books HTTP/1.1" 200 29728 "-" "PostmanRuntime/7.43.0"
::1 - - [03/Jan/2025:09:35:49 +0000] "GET /api/v1/books HTTP/1.1" 200 29959 "-" "PostmanRuntime/7.43.0"
::1 - - [03/Jan/2025:10:14:54 +0000] "GET /api/v1/categories/675687410492879bd56f1963 HTTP/1.1" 200 355 "-" "PostmanRuntime/7.43.0"
::1 - - [03/Jan/2025:10:15:04 +0000] "GET /api/v1/categories HTTP/1.1" 200 1740 "-" "PostmanRuntime/7.43.0"
::1 - - [03/Jan/2025:10:15:24 +0000] "GET /api/v1/categories/675933beaee42d3fb8d9c51c HTTP/1.1" 200 7736 "-" "PostmanRuntime/7.43.0"
